[2015-11-20 10:46:55] defaultLogger.INFO: Binding 2 at position :p1 w/ PDO type PDO::PARAM_INT [] []
[2015-11-20 10:46:55] defaultLogger.INFO: SELECT ja_categorias.id, ja_categorias.titulo, ja_categorias.slug FROM ja_categorias WHERE ja_categorias.id=2 LIMIT 1 [] []
[2015-11-20 10:47:41] defaultLogger.INFO: Binding 2 at position :p1 w/ PDO type PDO::PARAM_INT [] []
[2015-11-20 10:47:41] defaultLogger.INFO: SELECT ja_categorias.id, ja_categorias.titulo, ja_categorias.slug FROM ja_categorias WHERE ja_categorias.id=2 LIMIT 1 [] []
[2015-11-20 10:48:45] defaultLogger.INFO: Binding 2 at position :p1 w/ PDO type PDO::PARAM_INT [] []
[2015-11-20 10:48:45] defaultLogger.INFO: SELECT ja_categorias.id, ja_categorias.titulo, ja_categorias.slug FROM ja_categorias WHERE ja_categorias.id=2 LIMIT 1 [] []
[2015-11-20 10:48:45] defaultLogger.INFO: Binding '2' at position :p1 w/ PDO type PDO::PARAM_INT [] []
[2015-11-20 10:48:45] defaultLogger.INFO: SELECT ja_categorias.id, ja_categorias.titulo, ja_categorias.slug FROM ja_categorias WHERE ja_categorias.id='2' LIMIT 1 [] []
[2015-11-20 10:49:53] defaultLogger.INFO: Binding 2 at position :p1 w/ PDO type PDO::PARAM_INT [] []
[2015-11-20 10:49:53] defaultLogger.INFO: SELECT ja_categorias.id, ja_categorias.titulo, ja_categorias.slug FROM ja_categorias WHERE ja_categorias.id=2 LIMIT 1 [] []
[2015-11-20 10:49:54] defaultLogger.INFO: Binding '2' at position :p1 w/ PDO type PDO::PARAM_INT [] []
[2015-11-20 10:49:54] defaultLogger.INFO: SELECT ja_categorias.id, ja_categorias.titulo, ja_categorias.slug FROM ja_categorias WHERE ja_categorias.id='2' LIMIT 1 [] []
[2015-11-20 10:51:32] defaultLogger.INFO: Binding 2 at position :p1 w/ PDO type PDO::PARAM_INT [] []
[2015-11-20 10:51:32] defaultLogger.INFO: SELECT ja_categorias.id, ja_categorias.titulo, ja_categorias.slug FROM ja_categorias WHERE ja_categorias.id=2 LIMIT 1 [] []
[2015-11-20 10:51:32] defaultLogger.INFO: Binding '2' at position :p1 w/ PDO type PDO::PARAM_INT [] []
[2015-11-20 10:51:32] defaultLogger.INFO: SELECT ja_categorias.id, ja_categorias.titulo, ja_categorias.slug FROM ja_categorias WHERE ja_categorias.id='2' LIMIT 1 [] []
[2015-11-20 10:53:54] defaultLogger.INFO: Binding 2 at position :p1 w/ PDO type PDO::PARAM_INT [] []
[2015-11-20 10:53:54] defaultLogger.INFO: SELECT ja_categorias.id, ja_categorias.titulo, ja_categorias.slug FROM ja_categorias WHERE ja_categorias.id=2 LIMIT 1 [] []
[2015-11-20 10:53:55] defaultLogger.INFO: Binding '2' at position :p1 w/ PDO type PDO::PARAM_INT [] []
[2015-11-20 10:53:55] defaultLogger.INFO: SELECT ja_categorias.id, ja_categorias.titulo, ja_categorias.slug FROM ja_categorias WHERE ja_categorias.id='2' LIMIT 1 [] []
[2015-11-20 10:54:09] defaultLogger.INFO: Binding 2 at position :p1 w/ PDO type PDO::PARAM_INT [] []
[2015-11-20 10:54:09] defaultLogger.INFO: SELECT ja_categorias.id, ja_categorias.titulo, ja_categorias.slug FROM ja_categorias WHERE ja_categorias.id=2 LIMIT 1 [] []
[2015-11-20 10:54:10] defaultLogger.INFO: Binding '2' at position :p1 w/ PDO type PDO::PARAM_INT [] []
[2015-11-20 10:54:10] defaultLogger.INFO: SELECT ja_categorias.id, ja_categorias.titulo, ja_categorias.slug FROM ja_categorias WHERE ja_categorias.id='2' LIMIT 1 [] []
[2015-11-20 10:58:30] defaultLogger.INFO: Binding 2 at position :p1 w/ PDO type PDO::PARAM_INT [] []
[2015-11-20 10:58:30] defaultLogger.INFO: SELECT ja_categorias.id, ja_categorias.titulo, ja_categorias.slug FROM ja_categorias WHERE ja_categorias.id=2 LIMIT 1 [] []
[2015-11-20 10:58:31] defaultLogger.INFO: Binding '2' at position :p1 w/ PDO type PDO::PARAM_INT [] []
[2015-11-20 10:58:31] defaultLogger.INFO: SELECT ja_categorias.id, ja_categorias.titulo, ja_categorias.slug FROM ja_categorias WHERE ja_categorias.id='2' LIMIT 1 [] []
[2015-11-20 10:59:01] defaultLogger.INFO: Binding 2 at position :p1 w/ PDO type PDO::PARAM_INT [] []
[2015-11-20 10:59:01] defaultLogger.INFO: SELECT ja_categorias.id, ja_categorias.titulo, ja_categorias.slug FROM ja_categorias WHERE ja_categorias.id=2 LIMIT 1 [] []
[2015-11-20 10:59:01] defaultLogger.INFO: Binding '2' at position :p1 w/ PDO type PDO::PARAM_INT [] []
[2015-11-20 10:59:01] defaultLogger.INFO: SELECT ja_categorias.id, ja_categorias.titulo, ja_categorias.slug FROM ja_categorias WHERE ja_categorias.id='2' LIMIT 1 [] []
[2015-11-20 10:59:23] defaultLogger.INFO: Binding 2 at position :p1 w/ PDO type PDO::PARAM_INT [] []
[2015-11-20 10:59:23] defaultLogger.INFO: SELECT ja_categorias.id, ja_categorias.titulo, ja_categorias.slug FROM ja_categorias WHERE ja_categorias.id=2 LIMIT 1 [] []
[2015-11-20 10:59:24] defaultLogger.INFO: Binding '2' at position :p1 w/ PDO type PDO::PARAM_INT [] []
[2015-11-20 10:59:24] defaultLogger.INFO: SELECT ja_categorias.id, ja_categorias.titulo, ja_categorias.slug FROM ja_categorias WHERE ja_categorias.id='2' LIMIT 1 [] []
[2015-11-20 11:00:08] defaultLogger.INFO: Binding 2 at position :p1 w/ PDO type PDO::PARAM_INT [] []
[2015-11-20 11:00:08] defaultLogger.INFO: SELECT ja_categorias.id, ja_categorias.titulo, ja_categorias.slug FROM ja_categorias WHERE ja_categorias.id=2 LIMIT 1 [] []
[2015-11-20 11:00:09] defaultLogger.INFO: Binding '2' at position :p1 w/ PDO type PDO::PARAM_INT [] []
[2015-11-20 11:00:09] defaultLogger.INFO: SELECT ja_categorias.id, ja_categorias.titulo, ja_categorias.slug FROM ja_categorias WHERE ja_categorias.id='2' LIMIT 1 [] []
[2015-11-20 11:00:27] defaultLogger.INFO: Binding 2 at position :p1 w/ PDO type PDO::PARAM_INT [] []
[2015-11-20 11:00:27] defaultLogger.INFO: SELECT ja_categorias.id, ja_categorias.titulo, ja_categorias.slug FROM ja_categorias WHERE ja_categorias.id=2 LIMIT 1 [] []
[2015-11-20 11:00:28] defaultLogger.INFO: Binding '2' at position :p1 w/ PDO type PDO::PARAM_INT [] []
[2015-11-20 11:00:28] defaultLogger.INFO: SELECT ja_categorias.id, ja_categorias.titulo, ja_categorias.slug FROM ja_categorias WHERE ja_categorias.id='2' LIMIT 1 [] []
[2015-11-20 11:01:56] defaultLogger.INFO: Binding 2 at position :p1 w/ PDO type PDO::PARAM_INT [] []
[2015-11-20 11:01:56] defaultLogger.INFO: SELECT ja_categorias.id, ja_categorias.titulo, ja_categorias.slug FROM ja_categorias WHERE ja_categorias.id=2 LIMIT 1 [] []
[2015-11-20 11:01:57] defaultLogger.INFO: Binding '2' at position :p1 w/ PDO type PDO::PARAM_INT [] []
[2015-11-20 11:01:57] defaultLogger.INFO: SELECT ja_categorias.id, ja_categorias.titulo, ja_categorias.slug FROM ja_categorias WHERE ja_categorias.id='2' LIMIT 1 [] []
[2015-11-20 11:01:59] defaultLogger.INFO: Binding 'noticias' at position :p1 w/ PDO type PDO::PARAM_STR [] []
[2015-11-20 11:01:59] defaultLogger.INFO: SELECT ja_categorias.id, ja_categorias.titulo, ja_categorias.slug FROM ja_categorias WHERE ja_categorias.titulo='noticias' LIMIT 1 [] []
[2015-11-20 11:01:59] defaultLogger.INFO: Binding 0 at position :p1 w/ PDO type PDO::PARAM_INT [] []
[2015-11-20 11:01:59] defaultLogger.INFO: Binding 1 at position :p2 w/ PDO type PDO::PARAM_INT [] []
[2015-11-20 11:01:59] defaultLogger.INFO: Binding 2 at position :p3 w/ PDO type PDO::PARAM_INT [] []
[2015-11-20 11:01:59] defaultLogger.INFO: Binding 'noticias-titulo-largo2' at position :p4 w/ PDO type PDO::PARAM_STR [] []
[2015-11-20 11:01:59] defaultLogger.INFO: SELECT ja_paginas.id, ja_paginas.titulo, ja_paginas.contenido, ja_paginas.imagen, ja_paginas.categoria, ja_paginas.leermas, ja_paginas.estado, ja_paginas.tipo, ja_paginas.autor, ja_paginas.padre, ja_paginas.slug, ja_paginas.meta_descripcion, ja_paginas.meta_palabras, ja_paginas.meta_titulo, ja_paginas.fecha_creado, ja_paginas.fecha_modificado, ja_paginas.configuracion, concat(ja_usuarios.Nombre, ' ', ja_usuarios.Apellidos) AS Autor, v_getusuarios.Imagen AS autorimagen, v_getusuarios.Biografia AS autorbiografia, v_getusuarios.Redessociales AS autorredessociales, ja_categorias.Titulo AS Categoria, if(length(Estado) = 0, 'pendiente', Estado) AS Estado, if(ja_paginas.id > 0, 'true', false) AS Existe FROM ja_paginas INNER JOIN ja_categorias ON (ja_paginas.categoria=ja_categorias.id) INNER JOIN ja_usuarios ON (ja_paginas.autor=ja_usuarios.id) INNER JOIN v_getusuarios ON (ja_paginas.autor=v_getusuarios.id) WHERE ((ja_paginas.categoria<>0 AND ja_paginas.categoria<>1) AND ja_paginas.categoria=2) AND ja_paginas.slug='noticias-titulo-largo2' LIMIT 1 [] []
[2015-11-20 11:01:59] defaultLogger.DEBUG: JaPaginas: detalleArticulo | SELECT ja_paginas.id, ja_paginas.titulo, ja_paginas.contenido, ja_paginas.imagen, ja_paginas.categoria, ja_paginas.leermas, ja_paginas.estado, ja_paginas.tipo, ja_paginas.autor, ja_paginas.padre, ja_paginas.slug, ja_paginas.meta_descripcion, ja_paginas.meta_palabras, ja_paginas.meta_titulo, ja_paginas.fecha_creado, ja_paginas.fecha_modificado, ja_paginas.configuracion, concat(ja_usuarios.Nombre, ' ', ja_usuarios.Apellidos) AS Autor, v_getusuarios.Imagen AS autorimagen, v_getusuarios.Biografia AS autorbiografia, v_getusuarios.Redessociales AS autorredessociales, ja_categorias.Titulo AS Categoria, if(length(Estado) = 0, 'pendiente', Estado) AS Estado, if(ja_paginas.id > 0, 'true', false) AS Existe FROM ja_paginas INNER JOIN ja_categorias ON (ja_paginas.categoria=ja_categorias.id) INNER JOIN ja_usuarios ON (ja_paginas.autor=ja_usuarios.id) INNER JOIN v_getusuarios ON (ja_paginas.autor=v_getusuarios.id) WHERE ((ja_paginas.categoria<>0 AND ja_paginas.categoria<>1) AND ja_paginas.categoria=2) AND ja_paginas.slug='noticias-titulo-largo2' LIMIT 1 [] []
[2015-11-20 11:04:42] defaultLogger.INFO: Binding 2 at position :p1 w/ PDO type PDO::PARAM_INT [] []
[2015-11-20 11:04:42] defaultLogger.INFO: SELECT ja_categorias.id, ja_categorias.titulo, ja_categorias.slug FROM ja_categorias WHERE ja_categorias.id=2 LIMIT 1 [] []
[2015-11-20 11:04:43] defaultLogger.INFO: Binding '2' at position :p1 w/ PDO type PDO::PARAM_INT [] []
[2015-11-20 11:04:43] defaultLogger.INFO: SELECT ja_categorias.id, ja_categorias.titulo, ja_categorias.slug FROM ja_categorias WHERE ja_categorias.id='2' LIMIT 1 [] []
[2015-11-20 11:05:16] defaultLogger.INFO: Binding '2' at position :p1 w/ PDO type PDO::PARAM_INT [] []
[2015-11-20 11:05:16] defaultLogger.INFO: SELECT ja_categorias.id, ja_categorias.titulo, ja_categorias.slug FROM ja_categorias WHERE ja_categorias.id='2' LIMIT 1 [] []
[2015-11-20 11:05:43] defaultLogger.INFO: Binding 2 at position :p1 w/ PDO type PDO::PARAM_INT [] []
[2015-11-20 11:05:43] defaultLogger.INFO: SELECT ja_categorias.id, ja_categorias.titulo, ja_categorias.slug FROM ja_categorias WHERE ja_categorias.id=2 LIMIT 1 [] []
[2015-11-20 11:05:43] defaultLogger.INFO: Binding '2' at position :p1 w/ PDO type PDO::PARAM_INT [] []
[2015-11-20 11:05:43] defaultLogger.INFO: SELECT ja_categorias.id, ja_categorias.titulo, ja_categorias.slug FROM ja_categorias WHERE ja_categorias.id='2' LIMIT 1 [] []
[2015-11-20 11:06:27] defaultLogger.INFO: Binding 2 at position :p1 w/ PDO type PDO::PARAM_INT [] []
[2015-11-20 11:06:27] defaultLogger.INFO: SELECT ja_categorias.id, ja_categorias.titulo, ja_categorias.slug FROM ja_categorias WHERE ja_categorias.id=2 LIMIT 1 [] []
[2015-11-20 11:06:28] defaultLogger.INFO: Binding '2' at position :p1 w/ PDO type PDO::PARAM_INT [] []
[2015-11-20 11:06:28] defaultLogger.INFO: SELECT ja_categorias.id, ja_categorias.titulo, ja_categorias.slug FROM ja_categorias WHERE ja_categorias.id='2' LIMIT 1 [] []
[2015-11-20 11:08:32] defaultLogger.INFO: Binding 2 at position :p1 w/ PDO type PDO::PARAM_INT [] []
[2015-11-20 11:08:32] defaultLogger.INFO: SELECT ja_categorias.id, ja_categorias.titulo, ja_categorias.slug FROM ja_categorias WHERE ja_categorias.id=2 LIMIT 1 [] []
[2015-11-20 11:08:32] defaultLogger.INFO: Binding '2' at position :p1 w/ PDO type PDO::PARAM_INT [] []
[2015-11-20 11:08:33] defaultLogger.INFO: SELECT ja_categorias.id, ja_categorias.titulo, ja_categorias.slug FROM ja_categorias WHERE ja_categorias.id='2' LIMIT 1 [] []
[2015-11-20 11:09:50] defaultLogger.INFO: Binding 2 at position :p1 w/ PDO type PDO::PARAM_INT [] []
[2015-11-20 11:09:50] defaultLogger.INFO: SELECT ja_categorias.id, ja_categorias.titulo, ja_categorias.slug FROM ja_categorias WHERE ja_categorias.id=2 LIMIT 1 [] []
[2015-11-20 11:09:51] defaultLogger.INFO: Binding '2' at position :p1 w/ PDO type PDO::PARAM_INT [] []
[2015-11-20 11:09:51] defaultLogger.INFO: SELECT ja_categorias.id, ja_categorias.titulo, ja_categorias.slug FROM ja_categorias WHERE ja_categorias.id='2' LIMIT 1 [] []
[2015-11-20 11:25:48] defaultLogger.INFO: Binding 0 at position :p1 w/ PDO type PDO::PARAM_INT [] []
[2015-11-20 11:25:48] defaultLogger.INFO: Binding 'portada' at position :p2 w/ PDO type PDO::PARAM_STR [] []
[2015-11-20 11:25:48] defaultLogger.INFO: SELECT if(ja_paginas.id > 0, 'true', false) AS Existe, ja_paginas.id AS "Id" FROM ja_paginas WHERE ja_paginas.categoria=0 AND ja_paginas.tipo='portada' [] []
[2015-11-20 11:25:49] defaultLogger.DEBUG: JaPaginas: existePortada | SELECT if(ja_paginas.id > 0, 'true', false) AS Existe, ja_paginas.id AS "Id" FROM ja_paginas WHERE ja_paginas.categoria=0 AND ja_paginas.tipo='portada' [] []
[2015-11-20 11:25:58] defaultLogger.INFO: Binding 0 at position :p1 w/ PDO type PDO::PARAM_INT [] []
[2015-11-20 11:25:58] defaultLogger.INFO: Binding 'portada' at position :p2 w/ PDO type PDO::PARAM_STR [] []
[2015-11-20 11:25:58] defaultLogger.INFO: SELECT if(ja_paginas.id > 0, 'true', false) AS Existe, ja_paginas.id AS "Id" FROM ja_paginas WHERE ja_paginas.categoria=0 AND ja_paginas.tipo='portada' [] []
[2015-11-20 11:25:58] defaultLogger.DEBUG: JaPaginas: existePortada | SELECT if(ja_paginas.id > 0, 'true', false) AS Existe, ja_paginas.id AS "Id" FROM ja_paginas WHERE ja_paginas.categoria=0 AND ja_paginas.tipo='portada' [] []
[2015-11-20 12:02:05] defaultLogger.INFO: Binding 0 at position :p1 w/ PDO type PDO::PARAM_INT [] []
[2015-11-20 12:02:05] defaultLogger.INFO: Binding 'portada' at position :p2 w/ PDO type PDO::PARAM_STR [] []
[2015-11-20 12:02:05] defaultLogger.INFO: SELECT if(ja_paginas.id > 0, 'true', false) AS Existe, ja_paginas.id AS "Id" FROM ja_paginas WHERE ja_paginas.categoria=0 AND ja_paginas.tipo='portada' [] []
[2015-11-20 12:02:05] defaultLogger.DEBUG: JaPaginas: existePortada | SELECT if(ja_paginas.id > 0, 'true', false) AS Existe, ja_paginas.id AS "Id" FROM ja_paginas WHERE ja_paginas.categoria=0 AND ja_paginas.tipo='portada' [] []
[2015-11-20 12:08:59] defaultLogger.INFO: Binding 0 at position :p1 w/ PDO type PDO::PARAM_INT [] []
[2015-11-20 12:08:59] defaultLogger.INFO: Binding 'portada' at position :p2 w/ PDO type PDO::PARAM_STR [] []
[2015-11-20 12:08:59] defaultLogger.INFO: SELECT if(ja_paginas.id > 0, 'true', false) AS Existe, ja_paginas.id AS "Id" FROM ja_paginas WHERE ja_paginas.categoria=0 AND ja_paginas.tipo='portada' [] []
[2015-11-20 12:08:59] defaultLogger.DEBUG: JaPaginas: existePortada | SELECT if(ja_paginas.id > 0, 'true', false) AS Existe, ja_paginas.id AS "Id" FROM ja_paginas WHERE ja_paginas.categoria=0 AND ja_paginas.tipo='portada' [] []
[2015-11-20 12:21:12] defaultLogger.INFO: Binding 0 at position :p1 w/ PDO type PDO::PARAM_INT [] []
[2015-11-20 12:21:12] defaultLogger.INFO: Binding 'portada' at position :p2 w/ PDO type PDO::PARAM_STR [] []
[2015-11-20 12:21:12] defaultLogger.INFO: SELECT if(ja_paginas.id > 0, 'true', false) AS Existe, ja_paginas.id AS "Id" FROM ja_paginas WHERE ja_paginas.categoria=0 AND ja_paginas.tipo='portada' [] []
[2015-11-20 12:21:12] defaultLogger.DEBUG: JaPaginas: existePortada | SELECT if(ja_paginas.id > 0, 'true', false) AS Existe, ja_paginas.id AS "Id" FROM ja_paginas WHERE ja_paginas.categoria=0 AND ja_paginas.tipo='portada' [] []
[2015-11-20 12:28:10] defaultLogger.INFO: Binding 0 at position :p1 w/ PDO type PDO::PARAM_INT [] []
[2015-11-20 12:28:10] defaultLogger.INFO: Binding 'portada' at position :p2 w/ PDO type PDO::PARAM_STR [] []
[2015-11-20 12:28:10] defaultLogger.INFO: SELECT if(ja_paginas.id > 0, 'true', false) AS Existe, ja_paginas.id AS "Id" FROM ja_paginas WHERE ja_paginas.categoria=0 AND ja_paginas.tipo='portada' [] []
[2015-11-20 12:28:10] defaultLogger.DEBUG: JaPaginas: existePortada | SELECT if(ja_paginas.id > 0, 'true', false) AS Existe, ja_paginas.id AS "Id" FROM ja_paginas WHERE ja_paginas.categoria=0 AND ja_paginas.tipo='portada' [] []
[2015-11-20 12:28:19] defaultLogger.INFO: Binding 0 at position :p1 w/ PDO type PDO::PARAM_INT [] []
[2015-11-20 12:28:19] defaultLogger.INFO: Binding 'portada' at position :p2 w/ PDO type PDO::PARAM_STR [] []
[2015-11-20 12:28:19] defaultLogger.INFO: SELECT if(ja_paginas.id > 0, 'true', false) AS Existe, ja_paginas.id AS "Id" FROM ja_paginas WHERE ja_paginas.categoria=0 AND ja_paginas.tipo='portada' [] []
[2015-11-20 12:28:19] defaultLogger.DEBUG: JaPaginas: existePortada | SELECT if(ja_paginas.id > 0, 'true', false) AS Existe, ja_paginas.id AS "Id" FROM ja_paginas WHERE ja_paginas.categoria=0 AND ja_paginas.tipo='portada' [] []
[2015-11-20 12:28:57] defaultLogger.INFO: Binding 0 at position :p1 w/ PDO type PDO::PARAM_INT [] []
[2015-11-20 12:28:57] defaultLogger.INFO: Binding 'portada' at position :p2 w/ PDO type PDO::PARAM_STR [] []
[2015-11-20 12:28:57] defaultLogger.INFO: SELECT if(ja_paginas.id > 0, 'true', false) AS Existe, ja_paginas.id AS "Id" FROM ja_paginas WHERE ja_paginas.categoria=0 AND ja_paginas.tipo='portada' [] []
[2015-11-20 12:28:57] defaultLogger.DEBUG: JaPaginas: existePortada | SELECT if(ja_paginas.id > 0, 'true', false) AS Existe, ja_paginas.id AS "Id" FROM ja_paginas WHERE ja_paginas.categoria=0 AND ja_paginas.tipo='portada' [] []
[2015-11-20 12:31:04] defaultLogger.INFO: Binding 0 at position :p1 w/ PDO type PDO::PARAM_INT [] []
[2015-11-20 12:31:04] defaultLogger.INFO: Binding 'portada' at position :p2 w/ PDO type PDO::PARAM_STR [] []
[2015-11-20 12:31:04] defaultLogger.INFO: SELECT if(ja_paginas.id > 0, 'true', false) AS Existe, ja_paginas.id AS "Id" FROM ja_paginas WHERE ja_paginas.categoria=0 AND ja_paginas.tipo='portada' [] []
[2015-11-20 12:31:04] defaultLogger.DEBUG: JaPaginas: existePortada | SELECT if(ja_paginas.id > 0, 'true', false) AS Existe, ja_paginas.id AS "Id" FROM ja_paginas WHERE ja_paginas.categoria=0 AND ja_paginas.tipo='portada' [] []
[2015-11-20 12:33:30] defaultLogger.INFO: Binding 0 at position :p1 w/ PDO type PDO::PARAM_INT [] []
[2015-11-20 12:33:30] defaultLogger.INFO: Binding 'portada' at position :p2 w/ PDO type PDO::PARAM_STR [] []
[2015-11-20 12:33:30] defaultLogger.INFO: SELECT ja_paginas.id, ja_paginas.titulo, ja_paginas.contenido, ja_paginas.imagen, ja_paginas.categoria, ja_paginas.leermas, ja_paginas.estado, ja_paginas.tipo, ja_paginas.autor, ja_paginas.padre, ja_paginas.slug, ja_paginas.meta_descripcion, ja_paginas.meta_palabras, ja_paginas.meta_titulo, ja_paginas.fecha_creado, ja_paginas.fecha_modificado, ja_paginas.configuracion FROM ja_paginas WHERE ja_paginas.categoria=0 AND ja_paginas.tipo='portada' LIMIT 1 [] []
[2015-11-20 12:33:30] defaultLogger.INFO: Begin transaction [] []
[2015-11-20 12:33:30] defaultLogger.INFO: Binding 'uno,             dos,             tres,             cuatro,             cinco,             seis,             siete,             ocho,             nueve,             diez' at position :p1 w/ PDO type PDO::PARAM_STR [] []
[2015-11-20 12:33:30] defaultLogger.INFO: Binding '2015-11-20 12:33:30' at position :p2 w/ PDO type PDO::PARAM_STR [] []
[2015-11-20 12:33:30] defaultLogger.INFO: Binding '{"bloque1":{"numarticulos":4,"visible":"true"},"bloque2":{"categoria":2,"numarticulos":5,"activo":"true","visible":"true"},"principal":{"bloque2":{"categoria":2,"numarticulos":5,"visible":"true"},"bloque1":{"numarticulos":4,"visible":"true"}}}' at position :p3 w/ PDO type PDO::PARAM_STR [] []
[2015-11-20 12:33:30] defaultLogger.INFO: Binding 1 at position :p4 w/ PDO type PDO::PARAM_INT [] []
[2015-11-20 12:33:31] defaultLogger.INFO: UPDATE ja_paginas SET meta_palabras='uno,             dos,             tres,             cuatro,             cinco,             seis,             siete,             ocho,             nueve,             diez', fecha_modificado='2015-11-20 12:33:30', configuracion='{"bloque1":{"numarticulos":4,"visible":"true"},"bloque2":{"categoria":2,"numarticulos":5,"activo":"true","visible":"true"},"principal":{"bloque2":{"categoria":2,"numarticulos":5,"visible":"true"},"bloque1":{"numarticulos":4,"visible":"true"}}}' WHERE ja_paginas.id=1 [] []
[2015-11-20 12:33:31] defaultLogger.INFO: Commit transaction [] []
[2015-11-20 12:33:31] defaultLogger.INFO: Binding 0 at position :p1 w/ PDO type PDO::PARAM_INT [] []
[2015-11-20 12:33:31] defaultLogger.INFO: Binding 0 at position :p2 w/ PDO type PDO::PARAM_INT [] []
[2015-11-20 12:33:31] defaultLogger.INFO: Binding 'portada' at position :p3 w/ PDO type PDO::PARAM_STR [] []
[2015-11-20 12:33:31] defaultLogger.INFO: SELECT ja_paginas.id, ja_paginas.titulo, ja_paginas.contenido, ja_paginas.imagen, ja_paginas.categoria, ja_paginas.leermas, ja_paginas.estado, ja_paginas.tipo, ja_paginas.autor, ja_paginas.padre, ja_paginas.slug, ja_paginas.meta_descripcion, ja_paginas.meta_palabras, ja_paginas.meta_titulo, ja_paginas.fecha_creado, ja_paginas.fecha_modificado, ja_paginas.configuracion, if(ja_paginas.id > 0, 'true', false) AS Existe FROM ja_paginas WHERE (ja_paginas.categoria=0 AND ja_paginas.categoria=0) AND ja_paginas.tipo='portada' LIMIT 1 [] []
[2015-11-20 12:33:31] defaultLogger.DEBUG: JaPaginas: obtenerPortada | SELECT ja_paginas.id, ja_paginas.titulo, ja_paginas.contenido, ja_paginas.imagen, ja_paginas.categoria, ja_paginas.leermas, ja_paginas.estado, ja_paginas.tipo, ja_paginas.autor, ja_paginas.padre, ja_paginas.slug, ja_paginas.meta_descripcion, ja_paginas.meta_palabras, ja_paginas.meta_titulo, ja_paginas.fecha_creado, ja_paginas.fecha_modificado, ja_paginas.configuracion, if(ja_paginas.id > 0, 'true', false) AS Existe FROM ja_paginas WHERE (ja_paginas.categoria=0 AND ja_paginas.categoria=0) AND ja_paginas.tipo='portada' LIMIT 1 [] []
[2015-11-20 12:33:31] defaultLogger.DEBUG: JaPaginas: guardarPortada | SELECT ja_paginas.id, ja_paginas.titulo, ja_paginas.contenido, ja_paginas.imagen, ja_paginas.categoria, ja_paginas.leermas, ja_paginas.estado, ja_paginas.tipo, ja_paginas.autor, ja_paginas.padre, ja_paginas.slug, ja_paginas.meta_descripcion, ja_paginas.meta_palabras, ja_paginas.meta_titulo, ja_paginas.fecha_creado, ja_paginas.fecha_modificado, ja_paginas.configuracion, if(ja_paginas.id > 0, 'true', false) AS Existe FROM ja_paginas WHERE (ja_paginas.categoria=0 AND ja_paginas.categoria=0) AND ja_paginas.tipo='portada' LIMIT 1 [] []
[2015-11-20 12:33:46] defaultLogger.INFO: Binding 0 at position :p1 w/ PDO type PDO::PARAM_INT [] []
[2015-11-20 12:33:46] defaultLogger.INFO: Binding 1 at position :p2 w/ PDO type PDO::PARAM_INT [] []
[2015-11-20 12:33:46] defaultLogger.INFO: SELECT ja_paginas.id, ja_paginas.titulo, ja_paginas.contenido, ja_paginas.imagen, ja_paginas.categoria, ja_paginas.leermas, ja_paginas.estado, ja_paginas.tipo, ja_paginas.autor, ja_paginas.padre, ja_paginas.slug, ja_paginas.meta_descripcion, ja_paginas.meta_palabras, ja_paginas.meta_titulo, ja_paginas.fecha_creado, ja_paginas.fecha_modificado, ja_paginas.configuracion, concat(ja_usuarios.Nombre, ' ', ja_usuarios.Apellidos) AS Autor, ja_categorias.Titulo AS Categoria, if(length(Estado) = 0, 'pendiente', Estado) AS Estado, f_cortartexto(Leermas, Contenido, 140) AS Leermas FROM ja_paginas INNER JOIN ja_categorias ON (ja_paginas.categoria=ja_categorias.id) INNER JOIN ja_usuarios ON (ja_paginas.autor=ja_usuarios.id) WHERE (ja_paginas.categoria<>0 AND ja_paginas.categoria<>1) ORDER BY ja_paginas.fecha_creado DESC LIMIT 4 [] []
[2015-11-20 12:33:47] defaultLogger.DEBUG: JaPaginas: ultimosArticulos | SELECT ja_paginas.id, ja_paginas.titulo, ja_paginas.contenido, ja_paginas.imagen, ja_paginas.categoria, ja_paginas.leermas, ja_paginas.estado, ja_paginas.tipo, ja_paginas.autor, ja_paginas.padre, ja_paginas.slug, ja_paginas.meta_descripcion, ja_paginas.meta_palabras, ja_paginas.meta_titulo, ja_paginas.fecha_creado, ja_paginas.fecha_modificado, ja_paginas.configuracion, concat(ja_usuarios.Nombre, ' ', ja_usuarios.Apellidos) AS Autor, ja_categorias.Titulo AS Categoria, if(length(Estado) = 0, 'pendiente', Estado) AS Estado, f_cortartexto(Leermas, Contenido, 140) AS Leermas FROM ja_paginas INNER JOIN ja_categorias ON (ja_paginas.categoria=ja_categorias.id) INNER JOIN ja_usuarios ON (ja_paginas.autor=ja_usuarios.id) WHERE (ja_paginas.categoria<>0 AND ja_paginas.categoria<>1) ORDER BY ja_paginas.fecha_creado DESC LIMIT 4 [] []
[2015-11-20 12:33:47] defaultLogger.INFO: Binding 2 at position :p1 w/ PDO type PDO::PARAM_INT [] []
[2015-11-20 12:33:47] defaultLogger.INFO: SELECT ja_categorias.id, ja_categorias.titulo, ja_categorias.slug FROM ja_categorias WHERE ja_categorias.id=2 LIMIT 1 [] []
[2015-11-20 12:33:47] defaultLogger.INFO: Binding '2' at position :p1 w/ PDO type PDO::PARAM_INT [] []
[2015-11-20 12:33:47] defaultLogger.INFO: SELECT ja_categorias.id, ja_categorias.titulo, ja_categorias.slug FROM ja_categorias WHERE ja_categorias.id='2' LIMIT 1 [] []
[2015-11-20 12:34:15] defaultLogger.INFO: Binding 2 at position :p1 w/ PDO type PDO::PARAM_INT [] []
[2015-11-20 12:34:15] defaultLogger.INFO: SELECT ja_categorias.id, ja_categorias.titulo, ja_categorias.slug FROM ja_categorias WHERE ja_categorias.id=2 LIMIT 1 [] []
[2015-11-20 12:34:15] defaultLogger.INFO: Binding '2' at position :p1 w/ PDO type PDO::PARAM_INT [] []
[2015-11-20 12:34:15] defaultLogger.INFO: SELECT ja_categorias.id, ja_categorias.titulo, ja_categorias.slug FROM ja_categorias WHERE ja_categorias.id='2' LIMIT 1 [] []
[2015-11-20 12:43:07] defaultLogger.INFO: Binding 0 at position :p1 w/ PDO type PDO::PARAM_INT [] []
[2015-11-20 12:43:07] defaultLogger.INFO: Binding 'portada' at position :p2 w/ PDO type PDO::PARAM_STR [] []
[2015-11-20 12:43:07] defaultLogger.INFO: SELECT ja_paginas.id, ja_paginas.titulo, ja_paginas.contenido, ja_paginas.imagen, ja_paginas.categoria, ja_paginas.leermas, ja_paginas.estado, ja_paginas.tipo, ja_paginas.autor, ja_paginas.padre, ja_paginas.slug, ja_paginas.meta_descripcion, ja_paginas.meta_palabras, ja_paginas.meta_titulo, ja_paginas.fecha_creado, ja_paginas.fecha_modificado, ja_paginas.configuracion FROM ja_paginas WHERE ja_paginas.categoria=0 AND ja_paginas.tipo='portada' LIMIT 1 [] []
[2015-11-20 12:43:07] defaultLogger.INFO: Begin transaction [] []
[2015-11-20 12:43:07] defaultLogger.INFO: Binding '2015-11-20 12:43:07' at position :p1 w/ PDO type PDO::PARAM_STR [] []
[2015-11-20 12:43:07] defaultLogger.INFO: Binding '{"bloque1":{"numarticulos":4,"visible":"true"},"bloque2":{"categoria":2,"numarticulos":5,"activo":"true","visible":"true"},"principal":{"bloque2":{"categoria":2,"numarticulos":5,"visible":"true"},"bloque1":{"numarticulos":4,"visible":"true"}},"colcentro":{"bloque1":{"categoria":3,"numarticulos":4,"visible":"true"},"bloque2":{"categoria":2,"visible":"true","numarticulos":4}},"colderecha":{"bloque2":{"visible":"true","categoria":3,"numarticulos":4},"bloque1":{"categoria":3,"numarticulos":4,"visible":"true"}}}' at position :p2 w/ PDO type PDO::PARAM_STR [] []
[2015-11-20 12:43:07] defaultLogger.INFO: Binding 1 at position :p3 w/ PDO type PDO::PARAM_INT [] []
[2015-11-20 12:43:07] defaultLogger.INFO: UPDATE ja_paginas SET fecha_modificado='2015-11-20 12:43:07', configuracion='{"bloque1":{"numarticulos":4,"visible":"true"},"bloque2":{"categoria":2,"numarticulos":5,"activo":"true","visible":"true"},"principal":{"bloque2":{"categoria":2,"numarticulos":5,"visible":"true"},"bloque1":{"numarticulos":4,"visible":"true"}},"colcentro":{"bloque1":{"categoria":3,"numarticulos":4,"visible":"true"},"bloque2":{"categoria":2,"visible":"true","numarticulos":4}},"colderecha":{"bloque2":{"visible":"true","categoria":3,"numarticulos":4},"bloque1":{"categoria":3,"numarticulos":4,"visible":"true"}}}' WHERE ja_paginas.id=1 [] []
[2015-11-20 12:43:07] defaultLogger.INFO: Commit transaction [] []
[2015-11-20 12:43:07] defaultLogger.INFO: Binding 0 at position :p1 w/ PDO type PDO::PARAM_INT [] []
[2015-11-20 12:43:07] defaultLogger.INFO: Binding 0 at position :p2 w/ PDO type PDO::PARAM_INT [] []
[2015-11-20 12:43:07] defaultLogger.INFO: Binding 'portada' at position :p3 w/ PDO type PDO::PARAM_STR [] []
[2015-11-20 12:43:07] defaultLogger.INFO: SELECT ja_paginas.id, ja_paginas.titulo, ja_paginas.contenido, ja_paginas.imagen, ja_paginas.categoria, ja_paginas.leermas, ja_paginas.estado, ja_paginas.tipo, ja_paginas.autor, ja_paginas.padre, ja_paginas.slug, ja_paginas.meta_descripcion, ja_paginas.meta_palabras, ja_paginas.meta_titulo, ja_paginas.fecha_creado, ja_paginas.fecha_modificado, ja_paginas.configuracion, if(ja_paginas.id > 0, 'true', false) AS Existe FROM ja_paginas WHERE (ja_paginas.categoria=0 AND ja_paginas.categoria=0) AND ja_paginas.tipo='portada' LIMIT 1 [] []
[2015-11-20 12:43:07] defaultLogger.DEBUG: JaPaginas: obtenerPortada | SELECT ja_paginas.id, ja_paginas.titulo, ja_paginas.contenido, ja_paginas.imagen, ja_paginas.categoria, ja_paginas.leermas, ja_paginas.estado, ja_paginas.tipo, ja_paginas.autor, ja_paginas.padre, ja_paginas.slug, ja_paginas.meta_descripcion, ja_paginas.meta_palabras, ja_paginas.meta_titulo, ja_paginas.fecha_creado, ja_paginas.fecha_modificado, ja_paginas.configuracion, if(ja_paginas.id > 0, 'true', false) AS Existe FROM ja_paginas WHERE (ja_paginas.categoria=0 AND ja_paginas.categoria=0) AND ja_paginas.tipo='portada' LIMIT 1 [] []
[2015-11-20 12:43:07] defaultLogger.DEBUG: JaPaginas: guardarPortada | SELECT ja_paginas.id, ja_paginas.titulo, ja_paginas.contenido, ja_paginas.imagen, ja_paginas.categoria, ja_paginas.leermas, ja_paginas.estado, ja_paginas.tipo, ja_paginas.autor, ja_paginas.padre, ja_paginas.slug, ja_paginas.meta_descripcion, ja_paginas.meta_palabras, ja_paginas.meta_titulo, ja_paginas.fecha_creado, ja_paginas.fecha_modificado, ja_paginas.configuracion, if(ja_paginas.id > 0, 'true', false) AS Existe FROM ja_paginas WHERE (ja_paginas.categoria=0 AND ja_paginas.categoria=0) AND ja_paginas.tipo='portada' LIMIT 1 [] []
[2015-11-20 12:43:14] defaultLogger.INFO: Binding 0 at position :p1 w/ PDO type PDO::PARAM_INT [] []
[2015-11-20 12:43:14] defaultLogger.INFO: Binding 'portada' at position :p2 w/ PDO type PDO::PARAM_STR [] []
[2015-11-20 12:43:14] defaultLogger.INFO: SELECT if(ja_paginas.id > 0, 'true', false) AS Existe, ja_paginas.id AS "Id" FROM ja_paginas WHERE ja_paginas.categoria=0 AND ja_paginas.tipo='portada' [] []
[2015-11-20 12:43:14] defaultLogger.DEBUG: JaPaginas: existePortada | SELECT if(ja_paginas.id > 0, 'true', false) AS Existe, ja_paginas.id AS "Id" FROM ja_paginas WHERE ja_paginas.categoria=0 AND ja_paginas.tipo='portada' [] []
[2015-11-20 12:43:39] defaultLogger.INFO: Binding 0 at position :p1 w/ PDO type PDO::PARAM_INT [] []
[2015-11-20 12:43:39] defaultLogger.INFO: Binding 'portada' at position :p2 w/ PDO type PDO::PARAM_STR [] []
[2015-11-20 12:43:39] defaultLogger.INFO: SELECT ja_paginas.id, ja_paginas.titulo, ja_paginas.contenido, ja_paginas.imagen, ja_paginas.categoria, ja_paginas.leermas, ja_paginas.estado, ja_paginas.tipo, ja_paginas.autor, ja_paginas.padre, ja_paginas.slug, ja_paginas.meta_descripcion, ja_paginas.meta_palabras, ja_paginas.meta_titulo, ja_paginas.fecha_creado, ja_paginas.fecha_modificado, ja_paginas.configuracion FROM ja_paginas WHERE ja_paginas.categoria=0 AND ja_paginas.tipo='portada' LIMIT 1 [] []
[2015-11-20 12:43:39] defaultLogger.INFO: Begin transaction [] []
[2015-11-20 12:43:39] defaultLogger.INFO: Binding 'uno,              dos,              tres,              cuatro,              cinco,              seis,              siete,              ocho,              nueve,              diez' at position :p1 w/ PDO type PDO::PARAM_STR [] []
[2015-11-20 12:43:39] defaultLogger.INFO: Binding '2015-11-20 12:43:39' at position :p2 w/ PDO type PDO::PARAM_STR [] []
[2015-11-20 12:43:39] defaultLogger.INFO: Binding '{"bloque1":{"numarticulos":4,"visible":"true"},"bloque2":{"categoria":2,"numarticulos":5,"activo":"true","visible":"true"},"principal":{"bloque2":{"categoria":2,"numarticulos":5,"visible":"true"},"bloque1":{"numarticulos":4,"visible":"true"}},"colcentro":{"bloque1":{"categoria":3,"numarticulos":2,"visible":"true"},"bloque2":{"categoria":2,"visible":"true","numarticulos":6}},"colderecha":{"bloque2":{"visible":"true","categoria":3,"numarticulos":8},"bloque1":{"categoria":3,"numarticulos":4,"visible":"true"}}}' at position :p3 w/ PDO type PDO::PARAM_STR [] []
[2015-11-20 12:43:39] defaultLogger.INFO: Binding 1 at position :p4 w/ PDO type PDO::PARAM_INT [] []
[2015-11-20 12:43:39] defaultLogger.INFO: UPDATE ja_paginas SET meta_palabras='uno,              dos,              tres,              cuatro,              cinco,              seis,              siete,              ocho,              nueve,              diez', fecha_modificado='2015-11-20 12:43:39', configuracion='{"bloque1":{"numarticulos":4,"visible":"true"},"bloque2":{"categoria":2,"numarticulos":5,"activo":"true","visible":"true"},"principal":{"bloque2":{"categoria":2,"numarticulos":5,"visible":"true"},"bloque1":{"numarticulos":4,"visible":"true"}},"colcentro":{"bloque1":{"categoria":3,"numarticulos":2,"visible":"true"},"bloque2":{"categoria":2,"visible":"true","numarticulos":6}},"colderecha":{"bloque2":{"visible":"true","categoria":3,"numarticulos":8},"bloque1":{"categoria":3,"numarticulos":4,"visible":"true"}}}' WHERE ja_paginas.id=1 [] []
[2015-11-20 12:43:39] defaultLogger.INFO: Commit transaction [] []
[2015-11-20 12:43:39] defaultLogger.INFO: Binding 0 at position :p1 w/ PDO type PDO::PARAM_INT [] []
[2015-11-20 12:43:39] defaultLogger.INFO: Binding 0 at position :p2 w/ PDO type PDO::PARAM_INT [] []
[2015-11-20 12:43:39] defaultLogger.INFO: Binding 'portada' at position :p3 w/ PDO type PDO::PARAM_STR [] []
[2015-11-20 12:43:39] defaultLogger.INFO: SELECT ja_paginas.id, ja_paginas.titulo, ja_paginas.contenido, ja_paginas.imagen, ja_paginas.categoria, ja_paginas.leermas, ja_paginas.estado, ja_paginas.tipo, ja_paginas.autor, ja_paginas.padre, ja_paginas.slug, ja_paginas.meta_descripcion, ja_paginas.meta_palabras, ja_paginas.meta_titulo, ja_paginas.fecha_creado, ja_paginas.fecha_modificado, ja_paginas.configuracion, if(ja_paginas.id > 0, 'true', false) AS Existe FROM ja_paginas WHERE (ja_paginas.categoria=0 AND ja_paginas.categoria=0) AND ja_paginas.tipo='portada' LIMIT 1 [] []
[2015-11-20 12:43:39] defaultLogger.DEBUG: JaPaginas: obtenerPortada | SELECT ja_paginas.id, ja_paginas.titulo, ja_paginas.contenido, ja_paginas.imagen, ja_paginas.categoria, ja_paginas.leermas, ja_paginas.estado, ja_paginas.tipo, ja_paginas.autor, ja_paginas.padre, ja_paginas.slug, ja_paginas.meta_descripcion, ja_paginas.meta_palabras, ja_paginas.meta_titulo, ja_paginas.fecha_creado, ja_paginas.fecha_modificado, ja_paginas.configuracion, if(ja_paginas.id > 0, 'true', false) AS Existe FROM ja_paginas WHERE (ja_paginas.categoria=0 AND ja_paginas.categoria=0) AND ja_paginas.tipo='portada' LIMIT 1 [] []
[2015-11-20 12:43:39] defaultLogger.DEBUG: JaPaginas: guardarPortada | SELECT ja_paginas.id, ja_paginas.titulo, ja_paginas.contenido, ja_paginas.imagen, ja_paginas.categoria, ja_paginas.leermas, ja_paginas.estado, ja_paginas.tipo, ja_paginas.autor, ja_paginas.padre, ja_paginas.slug, ja_paginas.meta_descripcion, ja_paginas.meta_palabras, ja_paginas.meta_titulo, ja_paginas.fecha_creado, ja_paginas.fecha_modificado, ja_paginas.configuracion, if(ja_paginas.id > 0, 'true', false) AS Existe FROM ja_paginas WHERE (ja_paginas.categoria=0 AND ja_paginas.categoria=0) AND ja_paginas.tipo='portada' LIMIT 1 [] []
[2015-11-20 12:43:44] defaultLogger.INFO: Binding 0 at position :p1 w/ PDO type PDO::PARAM_INT [] []
[2015-11-20 12:43:44] defaultLogger.INFO: Binding 'portada' at position :p2 w/ PDO type PDO::PARAM_STR [] []
[2015-11-20 12:43:44] defaultLogger.INFO: SELECT if(ja_paginas.id > 0, 'true', false) AS Existe, ja_paginas.id AS "Id" FROM ja_paginas WHERE ja_paginas.categoria=0 AND ja_paginas.tipo='portada' [] []
[2015-11-20 12:43:44] defaultLogger.DEBUG: JaPaginas: existePortada | SELECT if(ja_paginas.id > 0, 'true', false) AS Existe, ja_paginas.id AS "Id" FROM ja_paginas WHERE ja_paginas.categoria=0 AND ja_paginas.tipo='portada' [] []
[2015-11-20 12:45:04] defaultLogger.INFO: Binding 0 at position :p1 w/ PDO type PDO::PARAM_INT [] []
[2015-11-20 12:45:04] defaultLogger.INFO: Binding 0 at position :p2 w/ PDO type PDO::PARAM_INT [] []
[2015-11-20 12:45:04] defaultLogger.INFO: Binding 'portada' at position :p3 w/ PDO type PDO::PARAM_STR [] []
[2015-11-20 12:45:04] defaultLogger.INFO: Binding 0 at position :p1 w/ PDO type PDO::PARAM_INT [] []
[2015-11-20 12:45:04] defaultLogger.INFO: Binding 'portada' at position :p2 w/ PDO type PDO::PARAM_STR [] []
[2015-11-20 12:45:04] defaultLogger.INFO: SELECT ja_paginas.id, ja_paginas.titulo, ja_paginas.contenido, ja_paginas.imagen, ja_paginas.categoria, ja_paginas.leermas, ja_paginas.estado, ja_paginas.tipo, ja_paginas.autor, ja_paginas.padre, ja_paginas.slug, ja_paginas.meta_descripcion, ja_paginas.meta_palabras, ja_paginas.meta_titulo, ja_paginas.fecha_creado, ja_paginas.fecha_modificado, ja_paginas.configuracion, if(ja_paginas.id > 0, 'true', false) AS Existe FROM ja_paginas WHERE (ja_paginas.categoria=0 AND ja_paginas.categoria=0) AND ja_paginas.tipo='portada' LIMIT 1 [] []
[2015-11-20 12:45:04] defaultLogger.DEBUG: JaPaginas: obtenerPortada | SELECT ja_paginas.id, ja_paginas.titulo, ja_paginas.contenido, ja_paginas.imagen, ja_paginas.categoria, ja_paginas.leermas, ja_paginas.estado, ja_paginas.tipo, ja_paginas.autor, ja_paginas.padre, ja_paginas.slug, ja_paginas.meta_descripcion, ja_paginas.meta_palabras, ja_paginas.meta_titulo, ja_paginas.fecha_creado, ja_paginas.fecha_modificado, ja_paginas.configuracion, if(ja_paginas.id > 0, 'true', false) AS Existe FROM ja_paginas WHERE (ja_paginas.categoria=0 AND ja_paginas.categoria=0) AND ja_paginas.tipo='portada' LIMIT 1 [] []
[2015-11-20 12:45:04] defaultLogger.INFO: SELECT if(ja_paginas.id > 0, 'true', false) AS Existe, ja_paginas.id AS "Id" FROM ja_paginas WHERE ja_paginas.categoria=0 AND ja_paginas.tipo='portada' [] []
[2015-11-20 12:45:04] defaultLogger.DEBUG: JaPaginas: existePortada | SELECT if(ja_paginas.id > 0, 'true', false) AS Existe, ja_paginas.id AS "Id" FROM ja_paginas WHERE ja_paginas.categoria=0 AND ja_paginas.tipo='portada' [] []
[2015-11-20 12:45:13] defaultLogger.INFO: Binding 0 at position :p1 w/ PDO type PDO::PARAM_INT [] []
[2015-11-20 12:45:13] defaultLogger.INFO: Binding 'portada' at position :p2 w/ PDO type PDO::PARAM_STR [] []
[2015-11-20 12:45:13] defaultLogger.INFO: SELECT if(ja_paginas.id > 0, 'true', false) AS Existe, ja_paginas.id AS "Id" FROM ja_paginas WHERE ja_paginas.categoria=0 AND ja_paginas.tipo='portada' [] []
[2015-11-20 12:45:13] defaultLogger.DEBUG: JaPaginas: existePortada | SELECT if(ja_paginas.id > 0, 'true', false) AS Existe, ja_paginas.id AS "Id" FROM ja_paginas WHERE ja_paginas.categoria=0 AND ja_paginas.tipo='portada' [] []
[2015-11-20 12:46:48] defaultLogger.INFO: Binding 0 at position :p1 w/ PDO type PDO::PARAM_INT [] []
[2015-11-20 12:46:48] defaultLogger.INFO: Binding 'portada' at position :p2 w/ PDO type PDO::PARAM_STR [] []
[2015-11-20 12:46:48] defaultLogger.INFO: SELECT if(ja_paginas.id > 0, 'true', false) AS Existe, ja_paginas.id AS "Id" FROM ja_paginas WHERE ja_paginas.categoria=0 AND ja_paginas.tipo='portada' [] []
[2015-11-20 12:46:48] defaultLogger.DEBUG: JaPaginas: existePortada | SELECT if(ja_paginas.id > 0, 'true', false) AS Existe, ja_paginas.id AS "Id" FROM ja_paginas WHERE ja_paginas.categoria=0 AND ja_paginas.tipo='portada' [] []
[2015-11-20 12:47:01] defaultLogger.INFO: Binding 0 at position :p1 w/ PDO type PDO::PARAM_INT [] []
[2015-11-20 12:47:01] defaultLogger.INFO: Binding 'portada' at position :p2 w/ PDO type PDO::PARAM_STR [] []
[2015-11-20 12:47:01] defaultLogger.INFO: SELECT ja_paginas.id, ja_paginas.titulo, ja_paginas.contenido, ja_paginas.imagen, ja_paginas.categoria, ja_paginas.leermas, ja_paginas.estado, ja_paginas.tipo, ja_paginas.autor, ja_paginas.padre, ja_paginas.slug, ja_paginas.meta_descripcion, ja_paginas.meta_palabras, ja_paginas.meta_titulo, ja_paginas.fecha_creado, ja_paginas.fecha_modificado, ja_paginas.configuracion FROM ja_paginas WHERE ja_paginas.categoria=0 AND ja_paginas.tipo='portada' LIMIT 1 [] []
[2015-11-20 12:47:01] defaultLogger.INFO: Begin transaction [] []
[2015-11-20 12:47:01] defaultLogger.INFO: Binding 'uno,               dos,               tres,               cuatro,               cinco,               seis,               siete,               ocho,               nueve,               diez' at position :p1 w/ PDO type PDO::PARAM_STR [] []
[2015-11-20 12:47:01] defaultLogger.INFO: Binding '2015-11-20 12:47:01' at position :p2 w/ PDO type PDO::PARAM_STR [] []
[2015-11-20 12:47:01] defaultLogger.INFO: Binding 1 at position :p3 w/ PDO type PDO::PARAM_INT [] []
[2015-11-20 12:47:01] defaultLogger.INFO: UPDATE ja_paginas SET meta_palabras='uno,               dos,               tres,               cuatro,               cinco,               seis,               siete,               ocho,               nueve,               diez', fecha_modificado='2015-11-20 12:47:01' WHERE ja_paginas.id=1 [] []
[2015-11-20 12:47:01] defaultLogger.INFO: Commit transaction [] []
[2015-11-20 12:47:01] defaultLogger.INFO: Binding 0 at position :p1 w/ PDO type PDO::PARAM_INT [] []
[2015-11-20 12:47:01] defaultLogger.INFO: Binding 0 at position :p2 w/ PDO type PDO::PARAM_INT [] []
[2015-11-20 12:47:01] defaultLogger.INFO: Binding 'portada' at position :p3 w/ PDO type PDO::PARAM_STR [] []
[2015-11-20 12:47:01] defaultLogger.INFO: SELECT ja_paginas.id, ja_paginas.titulo, ja_paginas.contenido, ja_paginas.imagen, ja_paginas.categoria, ja_paginas.leermas, ja_paginas.estado, ja_paginas.tipo, ja_paginas.autor, ja_paginas.padre, ja_paginas.slug, ja_paginas.meta_descripcion, ja_paginas.meta_palabras, ja_paginas.meta_titulo, ja_paginas.fecha_creado, ja_paginas.fecha_modificado, ja_paginas.configuracion, if(ja_paginas.id > 0, 'true', false) AS Existe FROM ja_paginas WHERE (ja_paginas.categoria=0 AND ja_paginas.categoria=0) AND ja_paginas.tipo='portada' LIMIT 1 [] []
[2015-11-20 12:47:01] defaultLogger.DEBUG: JaPaginas: obtenerPortada | SELECT ja_paginas.id, ja_paginas.titulo, ja_paginas.contenido, ja_paginas.imagen, ja_paginas.categoria, ja_paginas.leermas, ja_paginas.estado, ja_paginas.tipo, ja_paginas.autor, ja_paginas.padre, ja_paginas.slug, ja_paginas.meta_descripcion, ja_paginas.meta_palabras, ja_paginas.meta_titulo, ja_paginas.fecha_creado, ja_paginas.fecha_modificado, ja_paginas.configuracion, if(ja_paginas.id > 0, 'true', false) AS Existe FROM ja_paginas WHERE (ja_paginas.categoria=0 AND ja_paginas.categoria=0) AND ja_paginas.tipo='portada' LIMIT 1 [] []
[2015-11-20 12:47:01] defaultLogger.DEBUG: JaPaginas: guardarPortada | SELECT ja_paginas.id, ja_paginas.titulo, ja_paginas.contenido, ja_paginas.imagen, ja_paginas.categoria, ja_paginas.leermas, ja_paginas.estado, ja_paginas.tipo, ja_paginas.autor, ja_paginas.padre, ja_paginas.slug, ja_paginas.meta_descripcion, ja_paginas.meta_palabras, ja_paginas.meta_titulo, ja_paginas.fecha_creado, ja_paginas.fecha_modificado, ja_paginas.configuracion, if(ja_paginas.id > 0, 'true', false) AS Existe FROM ja_paginas WHERE (ja_paginas.categoria=0 AND ja_paginas.categoria=0) AND ja_paginas.tipo='portada' LIMIT 1 [] []
[2015-11-20 12:47:26] defaultLogger.INFO: Binding 0 at position :p1 w/ PDO type PDO::PARAM_INT [] []
[2015-11-20 12:47:26] defaultLogger.INFO: Binding 'portada' at position :p2 w/ PDO type PDO::PARAM_STR [] []
[2015-11-20 12:47:26] defaultLogger.INFO: SELECT if(ja_paginas.id > 0, 'true', false) AS Existe, ja_paginas.id AS "Id" FROM ja_paginas WHERE ja_paginas.categoria=0 AND ja_paginas.tipo='portada' [] []
[2015-11-20 12:47:26] defaultLogger.DEBUG: JaPaginas: existePortada | SELECT if(ja_paginas.id > 0, 'true', false) AS Existe, ja_paginas.id AS "Id" FROM ja_paginas WHERE ja_paginas.categoria=0 AND ja_paginas.tipo='portada' [] []
[2015-11-20 16:55:39] defaultLogger.INFO: Binding 0 at position :p1 w/ PDO type PDO::PARAM_INT [] []
[2015-11-20 16:55:39] defaultLogger.INFO: Binding 1 at position :p2 w/ PDO type PDO::PARAM_INT [] []
[2015-11-20 16:55:41] defaultLogger.INFO: SELECT ja_paginas.id, ja_paginas.titulo, ja_paginas.contenido, ja_paginas.imagen, ja_paginas.categoria, ja_paginas.leermas, ja_paginas.estado, ja_paginas.tipo, ja_paginas.autor, ja_paginas.padre, ja_paginas.slug, ja_paginas.meta_descripcion, ja_paginas.meta_palabras, ja_paginas.meta_titulo, ja_paginas.fecha_creado, ja_paginas.fecha_modificado, ja_paginas.configuracion, concat(ja_usuarios.Nombre, ' ', ja_usuarios.Apellidos) AS Autor, ja_categorias.Titulo AS Categoria, if(length(Estado) = 0, 'pendiente', Estado) AS Estado, f_cortartexto(Leermas, Contenido, 140) AS Leermas FROM ja_paginas INNER JOIN ja_categorias ON (ja_paginas.categoria=ja_categorias.id) INNER JOIN ja_usuarios ON (ja_paginas.autor=ja_usuarios.id) WHERE (ja_paginas.categoria<>0 AND ja_paginas.categoria<>1) ORDER BY ja_paginas.fecha_creado DESC LIMIT 4 [] []
[2015-11-20 16:55:42] defaultLogger.DEBUG: JaPaginas: ultimosArticulos | SELECT ja_paginas.id, ja_paginas.titulo, ja_paginas.contenido, ja_paginas.imagen, ja_paginas.categoria, ja_paginas.leermas, ja_paginas.estado, ja_paginas.tipo, ja_paginas.autor, ja_paginas.padre, ja_paginas.slug, ja_paginas.meta_descripcion, ja_paginas.meta_palabras, ja_paginas.meta_titulo, ja_paginas.fecha_creado, ja_paginas.fecha_modificado, ja_paginas.configuracion, concat(ja_usuarios.Nombre, ' ', ja_usuarios.Apellidos) AS Autor, ja_categorias.Titulo AS Categoria, if(length(Estado) = 0, 'pendiente', Estado) AS Estado, f_cortartexto(Leermas, Contenido, 140) AS Leermas FROM ja_paginas INNER JOIN ja_categorias ON (ja_paginas.categoria=ja_categorias.id) INNER JOIN ja_usuarios ON (ja_paginas.autor=ja_usuarios.id) WHERE (ja_paginas.categoria<>0 AND ja_paginas.categoria<>1) ORDER BY ja_paginas.fecha_creado DESC LIMIT 4 [] []
[2015-11-20 16:55:42] defaultLogger.INFO: Binding 2 at position :p1 w/ PDO type PDO::PARAM_INT [] []
[2015-11-20 16:55:42] defaultLogger.INFO: SELECT ja_categorias.id, ja_categorias.titulo, ja_categorias.slug FROM ja_categorias WHERE ja_categorias.id=2 LIMIT 1 [] []
[2015-11-20 16:55:43] defaultLogger.INFO: Binding '2' at position :p1 w/ PDO type PDO::PARAM_INT [] []
[2015-11-20 16:55:43] defaultLogger.INFO: SELECT ja_categorias.id, ja_categorias.titulo, ja_categorias.slug FROM ja_categorias WHERE ja_categorias.id='2' LIMIT 1 [] []
